Tue Jul 18 19:42:57 KST 2023 : Setting Finished.
Wed Jul 19 14:28:11 KST 2023 : Setting Finished.
Wed Jul 19 15:17:36 KST 2023 : Setting Finished.
Fri Jul 21 14:47:41 KST 2023 : Setting Finished.
Fri Jul 21 16:15:44 KST 2023 : Setting Finished.
Fri Jul 21 18:26:58 KST 2023 : Setting Finished.
Fri Jul 21 18:27:37 KST 2023 : Setting Finished.
Fri Jul 21 20:38:40 KST 2023 : Setting Finished.
Sat Jul 22 15:09:15 KST 2023 : Setting Finished.
Sat Jul 22 15:10:58 KST 2023 : Setting Finished.
Sat Jul 22 22:23:03 KST 2023 : Setting Finished.
Mon Jul 24 15:01:24 KST 2023 : Setting Finished.
Mon Jul 24 15:13:53 KST 2023 : Setting Finished.
Mon Jul 24 18:19:42 KST 2023 : Setting Finished.
Mon Jul 24 20:02:53 KST 2023 : Setting Finished.
Mon Jul 24 21:33:16 KST 2023 : Setting Finished.
Tue Jul 25 16:04:31 KST 2023 : Setting Finished.
Wed Jul 26 18:08:08 KST 2023 : Setting Finished.
Fri Jul 28 15:32:14 KST 2023 : Setting Finished.
Fri Jul 28 15:52:12 KST 2023 : Setting Finished.
Fri Jul 28 20:31:59 KST 2023 : Setting Finished.
Sat Jul 29 15:05:44 KST 2023 : Setting Finished.
Mon Jul 31 17:57:01 KST 2023 : Setting Finished.
Tue Aug  1 15:40:26 KST 2023 : Setting Finished.
Tue Aug  1 15:41:54 KST 2023 : Setting Finished.
Tue Aug  1 19:45:42 KST 2023 : Setting Finished.
Tue Aug  1 21:23:02 KST 2023 : Setting Finished.
Wed Aug  2 14:39:46 KST 2023 : Setting Finished.
Wed Aug  2 14:40:10 KST 2023 : Setting Finished.
Wed Aug  2 18:41:10 KST 2023 : Setting Finished.
Fri Aug  4 15:28:53 KST 2023 : Setting Finished.
Fri Aug  4 16:22:48 KST 2023 : Setting Finished.
Sat Aug  5 13:57:33 KST 2023 : Setting Finished.
Sat Aug  5 15:41:07 KST 2023 : Setting Finished.
Sun Aug  6 14:19:27 KST 2023 : Setting Finished.
Mon Aug  7 15:30:35 KST 2023 : Setting Finished.
Mon Aug  7 15:31:07 KST 2023 : Setting Finished.
Tue Aug  8 13:29:05 KST 2023 : Setting Finished.
Tue Aug  8 13:39:50 KST 2023 : Setting Finished.
Tue Aug  8 16:02:21 KST 2023 : Setting Finished.
Tue Aug  8 17:40:34 KST 2023 : Setting Finished.
Wed Aug  9 14:23:17 KST 2023 : Setting Finished.
Wed Aug  9 18:38:39 KST 2023 : Setting Finished.
Sat Aug 12 14:46:51 KST 2023 : Setting Finished.
Sat Aug 12 14:54:27 KST 2023 : Setting Finished.
Sat Aug 12 19:30:44 KST 2023 : Setting Finished.
Sun Aug 13 16:42:45 KST 2023 : Setting Finished.
Sun Aug 13 16:44:28 KST 2023 : Setting Finished.
Sun Aug 13 22:35:10 KST 2023 : Setting Finished.
Mon Aug 14 17:56:56 KST 2023 : Setting Finished.
Mon Aug 14 19:29:29 KST 2023 : Setting Finished.
Tue Aug 15 15:37:31 KST 2023 : Setting Finished.
Wed Aug 16 15:19:05 KST 2023 : Setting Finished.
Wed Aug 16 15:21:20 KST 2023 : Setting Finished.
Wed Aug 16 20:53:29 KST 2023 : Setting Finished.
Fri Aug 18 14:41:26 KST 2023 : Setting Finished.
Fri Aug 18 14:43:29 KST 2023 : Setting Finished.
Wed Aug 23 15:31:59 KST 2023 : Setting Finished.
Wed Aug 23 15:32:32 KST 2023 : Setting Finished.
Wed Aug 23 18:29:48 KST 2023 : Setting Finished.
Wed Aug 23 20:09:03 KST 2023 : Setting Finished.
Fri Aug 25 14:47:50 KST 2023 : Setting Finished.
Fri Aug 25 15:15:01 KST 2023 : Setting Finished.
Fri Aug 25 19:23:11 KST 2023 : Setting Finished.
Sat Aug 26 14:40:28 KST 2023 : Setting Finished.
Sat Aug 26 14:49:05 KST 2023 : Setting Finished.
Sat Aug 26 16:32:59 KST 2023 : Setting Finished.
Sat Aug 26 19:15:31 KST 2023 : Setting Finished.
Mon Aug 28 15:14:38 KST 2023 : Setting Finished.
Mon Aug 28 15:22:49 KST 2023 : Setting Finished.
Mon Aug 28 19:58:19 KST 2023 : Setting Finished.
Tue Aug 29 15:15:58 KST 2023 : Setting Finished.
Tue Aug 29 15:17:52 KST 2023 : Setting Finished.
Tue Aug 29 15:40:26 KST 2023 : Setting Finished.
Tue Aug 29 16:01:44 KST 2023 : Setting Finished.
Tue Aug 29 19:22:51 KST 2023 : Setting Finished.
Wed Aug 30 15:44:17 KST 2023 : Setting Finished.
Wed Aug 30 16:36:36 KST 2023 : Setting Finished.
Wed Aug 30 19:05:20 KST 2023 : Setting Finished.
Fri Sep  1 14:38:11 KST 2023 : Setting Finished.
Fri Sep  1 16:20:16 KST 2023 : Setting Finished.
Fri Sep  1 22:20:27 KST 2023 : Setting Finished.
Sat Sep  2 13:41:34 KST 2023 : Setting Finished.
Sat Sep  2 22:27:02 KST 2023 : Setting Finished.
Mon Sep  4 14:27:10 KST 2023 : Setting Finished.
Mon Sep  4 18:05:33 KST 2023 : Setting Finished.
Tue Sep  5 15:33:19 KST 2023 : Setting Finished.
Tue Sep  5 15:56:27 KST 2023 : Setting Finished.
Tue Sep  5 20:43:21 KST 2023 : Setting Finished.
Wed Sep  6 12:53:37 KST 2023 : Setting Finished.
Wed Sep  6 13:37:23 KST 2023 : Setting Finished.
Wed Sep  6 13:50:39 KST 2023 : Setting Finished.
Wed Sep  6 13:51:10 KST 2023 : Setting Finished.
Wed Sep  6 18:20:21 KST 2023 : Setting Finished.
Fri Sep  8 14:51:40 KST 2023 : Setting Finished.
Fri Sep  8 19:07:04 KST 2023 : Setting Finished.
Sat Sep  9 13:09:39 KST 2023 : Setting Finished.
Sat Sep  9 21:02:12 KST 2023 : Setting Finished.
Sat Sep  9 21:06:27 KST 2023 : Setting Finished.
Sun Sep 10 15:29:56 KST 2023 : Setting Finished.
Tue Sep 12 15:34:16 KST 2023 : Setting Finished.
Tue Sep 12 15:38:31 KST 2023 : Setting Finished.
Tue Sep 12 15:39:45 KST 2023 : Setting Finished.
Tue Sep 12 15:49:36 KST 2023 : Setting Finished.
Tue Sep 12 20:09:55 KST 2023 : Setting Finished.
Wed Sep 13 15:19:32 KST 2023 : Setting Finished.
Wed Sep 13 15:30:09 KST 2023 : Setting Finished.
Wed Sep 13 16:11:57 KST 2023 : Setting Finished.
Wed Sep 13 19:55:55 KST 2023 : Setting Finished.
Fri Sep 15 15:42:00 KST 2023 : Setting Finished.
Fri Sep 15 15:53:15 KST 2023 : Setting Finished.
Fri Sep 15 19:10:37 KST 2023 : Setting Finished.
Sat Sep 16 12:48:52 KST 2023 : Setting Finished.
Sat Sep 16 19:37:16 KST 2023 : Setting Finished.
Mon Sep 18 14:55:59 KST 2023 : Setting Finished.
Tue Sep 19 14:59:10 KST 2023 : Setting Finished.
Tue Sep 19 19:40:03 KST 2023 : Setting Finished.
Wed Sep 20 15:42:19 KST 2023 : Setting Finished.
Wed Sep 20 19:16:55 KST 2023 : Setting Finished.
Fri Sep 22 15:04:35 KST 2023 : Setting Finished.
Fri Sep 22 21:17:05 KST 2023 : Setting Finished.
Sat Sep 23 13:26:23 KST 2023 : Setting Finished.
Sat Sep 23 18:58:13 KST 2023 : Setting Finished.
Mon Sep 25 12:23:24 KST 2023 : Setting Finished.
Tue Sep 26 15:10:23 KST 2023 : Setting Finished.
Tue Sep 26 16:21:36 KST 2023 : Setting Finished.
Tue Sep 26 19:12:57 KST 2023 : Setting Finished.
Wed Sep 27 15:25:41 KST 2023 : Setting Finished.
Wed Sep 27 19:29:14 KST 2023 : Setting Finished.
Mon Oct  2 15:09:40 KST 2023 : Setting Finished.
Mon Oct  2 20:00:42 KST 2023 : Setting Finished.
Tue Oct  3 15:59:17 KST 2023 : Setting Finished.
Tue Oct  3 16:17:30 KST 2023 : Setting Finished.
Tue Oct  3 19:50:47 KST 2023 : Setting Finished.
Wed Oct  4 15:56:17 KST 2023 : Setting Finished.
Wed Oct  4 20:23:02 KST 2023 : Setting Finished.
Fri Oct  6 15:35:36 KST 2023 : Setting Finished.
Fri Oct  6 19:51:14 KST 2023 : Setting Finished.
Sat Oct  7 12:56:00 KST 2023 : Setting Finished.
Sat Oct  7 16:26:11 KST 2023 : Setting Finished.
Sat Oct  7 18:57:34 KST 2023 : Setting Finished.
Sat Oct  7 20:42:15 KST 2023 : Setting Finished.
Mon Oct  9 15:27:11 KST 2023 : Setting Finished.
Mon Oct  9 16:41:03 KST 2023 : Setting Finished.
Tue Oct 10 15:24:20 KST 2023 : Setting Finished.
Tue Oct 10 15:34:50 KST 2023 : Setting Finished.
Tue Oct 10 15:35:21 KST 2023 : Setting Finished.
Tue Oct 10 19:22:42 KST 2023 : Setting Finished.
Tue Oct 10 20:08:37 KST 2023 : Setting Finished.
Wed Oct 11 15:43:23 KST 2023 : Setting Finished.
Wed Oct 11 15:51:20 KST 2023 : Setting Finished.
Wed Oct 11 18:09:17 KST 2023 : Setting Finished.
Wed Oct 11 20:13:20 KST 2023 : Setting Finished.
Wed Oct 11 21:57:23 KST 2023 : Setting Finished.
Thu Oct 12 13:29:54 KST 2023 : Setting Finished.
Thu Oct 12 13:30:32 KST 2023 : Setting Finished.
Thu Oct 12 19:18:27 KST 2023 : Setting Finished.
Fri Oct 13 14:10:35 KST 2023 : Setting Finished.
Fri Oct 13 14:15:52 KST 2023 : Setting Finished.
Fri Oct 13 18:21:43 KST 2023 : Setting Finished.
Fri Oct 13 19:18:27 KST 2023 : Setting Finished.
Sun Oct 15 13:35:16 KST 2023 : Setting Finished.
Mon Oct 16 15:15:40 KST 2023 : Setting Finished.
Mon Oct 16 16:59:44 KST 2023 : Setting Finished.
Mon Oct 16 21:07:35 KST 2023 : Setting Finished.
Tue Oct 17 15:46:00 KST 2023 : Setting Finished.
Tue Oct 17 17:24:01 KST 2023 : Setting Finished.
Tue Oct 17 20:06:05 KST 2023 : Setting Finished.
Wed Oct 18 14:45:50 KST 2023 : Setting Finished.
Wed Oct 18 20:16:02 KST 2023 : Setting Finished.
Fri Oct 20 15:26:55 KST 2023 : Setting Finished.
Fri Oct 20 19:30:52 KST 2023 : Setting Finished.
Sat Oct 21 13:27:29 KST 2023 : Setting Finished.
Sat Oct 21 18:57:39 KST 2023 : Setting Finished.
Mon Oct 23 15:13:19 KST 2023 : Setting Finished.
Mon Oct 23 15:24:25 KST 2023 : Setting Finished.
Mon Oct 23 19:24:42 KST 2023 : Setting Finished.
Tue Oct 24 16:02:21 KST 2023 : Setting Finished.
Tue Oct 24 16:31:28 KST 2023 : Setting Finished.
Wed Oct 25 19:24:57 KST 2023 : Setting Finished.
Fri Oct 27 19:15:37 KST 2023 : Setting Finished.
Sat Oct 28 13:09:02 KST 2023 : Setting Finished.
Mon Oct 30 17:27:23 KST 2023 : Setting Finished.
Tue Oct 31 16:05:49 KST 2023 : Setting Finished.
Wed Nov  1 18:28:57 KST 2023 : Setting Finished.
Wed Nov  1 19:24:35 KST 2023 : Setting Finished.
Fri Nov  3 18:51:07 KST 2023 : Setting Finished.
Fri Nov  3 20:22:06 KST 2023 : Setting Finished.
Sat Nov  4 13:22:50 KST 2023 : Setting Finished.
Mon Nov  6 14:58:18 KST 2023 : Setting Finished.
Mon Nov  6 15:10:19 KST 2023 : Setting Finished.
Tue Nov  7 16:54:27 KST 2023 : Setting Finished.
Tue Nov  7 17:02:54 KST 2023 : Setting Finished.
Fri Nov 10 15:02:28 KST 2023 : Setting Finished.
Sat Nov 11 13:14:51 KST 2023 : Setting Finished.
Sun Nov 12 14:42:00 KST 2023 : Setting Finished.
Sun Nov 12 15:36:35 KST 2023 : Setting Finished.
Tue Nov 14 15:05:49 KST 2023 : Setting Finished.
Wed Nov 15 18:14:11 KST 2023 : Setting Finished.
Wed Nov 15 18:26:27 KST 2023 : Setting Finished.
Fri Nov 17 15:53:05 KST 2023 : Setting Finished.
Fri Nov 17 16:09:24 KST 2023 : Setting Finished.
Fri Nov 17 19:30:52 KST 2023 : Setting Finished.
Sat Nov 18 13:15:49 KST 2023 : Setting Finished.
Sat Nov 18 23:15:08 KST 2023 : Setting Finished.
Mon Nov 27 15:01:05 KST 2023 : Setting Finished.
Mon Nov 27 15:03:43 KST 2023 : Setting Finished.
Mon Nov 27 19:18:35 KST 2023 : Setting Finished.
Mon Nov 27 20:18:10 KST 2023 : Setting Finished.
Mon Nov 27 20:53:50 KST 2023 : Setting Finished.
Tue Nov 28 15:52:44 KST 2023 : Setting Finished.
Tue Nov 28 15:53:38 KST 2023 : Setting Finished.
Tue Nov 28 19:44:22 KST 2023 : Setting Finished.
Tue Nov 28 21:16:29 KST 2023 : Setting Finished.
Wed Nov 29 16:41:00 KST 2023 : Setting Finished.
Fri Dec  1 15:56:43 KST 2023 : Setting Finished.
Fri Dec  1 15:57:20 KST 2023 : Setting Finished.
Fri Dec  1 17:27:07 KST 2023 : Setting Finished.
Mon Dec  4 15:40:49 KST 2023 : Setting Finished.
Mon Dec  4 15:43:55 KST 2023 : Setting Finished.
Mon Dec  4 19:40:08 KST 2023 : Setting Finished.
Thu Dec  7 16:07:59 KST 2023 : Setting Finished.
Thu Dec  7 16:53:38 KST 2023 : Setting Finished.
Thu Dec  7 20:37:20 KST 2023 : Setting Finished.
Sat Dec  9 13:15:59 KST 2023 : Setting Finished.
Sat Dec  9 19:13:37 KST 2023 : Setting Finished.
Sun Dec 10 16:12:23 KST 2023 : Setting Finished.
Sun Dec 10 16:13:10 KST 2023 : Setting Finished.
Tue Dec 12 15:34:16 KST 2023 : Setting Finished.
Thu Dec 21 16:48:50 KST 2023 : Setting Finished.
Thu Dec 21 21:12:05 KST 2023 : Setting Finished.
Fri Dec 22 15:45:21 KST 2023 : Setting Finished.
Sat Dec 23 13:34:21 KST 2023 : Setting Finished.
Wed Dec 27 15:17:15 KST 2023 : Setting Finished.
Tue Jan  2 14:08:52 KST 2024 : Setting Finished.
Tue Jan  2 17:57:11 KST 2024 : Setting Finished.
Wed Jan  3 19:48:43 KST 2024 : Setting Finished.
Fri Jan  5 16:59:01 KST 2024 : Setting Finished.
Fri Jan  5 17:43:06 KST 2024 : Setting Finished.
Fri Jan  5 20:55:24 KST 2024 : Setting Finished.
Sat Jan  6 13:40:25 KST 2024 : Setting Finished.
Sat Jan  6 19:00:06 KST 2024 : Setting Finished.
Mon Jan  8 20:38:36 KST 2024 : Setting Finished.
Fri Jan 12 16:11:14 KST 2024 : Setting Finished.
Fri Jan 12 16:35:46 KST 2024 : Setting Finished.
Sat Jan 13 13:32:51 KST 2024 : Setting Finished.
Mon Jan 15 18:26:38 KST 2024 : Setting Finished.
Mon Jan 15 19:32:41 KST 2024 : Setting Finished.
Mon Jan 15 21:43:49 KST 2024 : Setting Finished.
Tue Jan 16 14:55:15 KST 2024 : Setting Finished.
Tue Jan 16 15:01:51 KST 2024 : Setting Finished.
Tue Jan 16 19:15:11 KST 2024 : Setting Finished.
Wed Jan 17 13:52:41 KST 2024 : Setting Finished.
Wed Jan 17 13:53:16 KST 2024 : Setting Finished.
Sat Jan 20 14:00:18 KST 2024 : Setting Finished.
Tue Jan 23 18:36:52 KST 2024 : Setting Finished.
Tue Jan 23 18:39:27 KST 2024 : Setting Finished.
Tue Jan 23 20:11:06 KST 2024 : Setting Finished.
Sat Jan 27 13:38:17 KST 2024 : Setting Finished.
Sat Jan 27 18:57:15 KST 2024 : Setting Finished.
Fri Feb  2 20:41:30 KST 2024 : Setting Finished.
Fri Feb  2 21:21:47 KST 2024 : Setting Finished.
Sat Feb  3 13:52:09 KST 2024 : Setting Finished.
Sat Feb  3 13:53:55 KST 2024 : Setting Finished.
Mon Feb  5 18:51:07 KST 2024 : Setting Finished.
Mon Feb  5 18:53:40 KST 2024 : Setting Finished.
Mon Feb  5 19:21:25 KST 2024 : Setting Finished.
Mon Feb  5 20:03:58 KST 2024 : Setting Finished.
Mon Feb  5 21:46:50 KST 2024 : Setting Finished.
Thu Feb  8 14:09:15 KST 2024 : Setting Finished.
Thu Feb  8 14:23:32 KST 2024 : Setting Finished.
Thu Feb  8 14:28:32 KST 2024 : Setting Finished.
Thu Feb  8 18:03:00 KST 2024 : Setting Finished.
Thu Feb  8 18:58:11 KST 2024 : Setting Finished.
Tue Feb 13 18:42:59 KST 2024 : Setting Finished.
Fri Feb 16 13:40:44 KST 2024 : Setting Finished.
